[0m13:36:16.242177 [debug] [MainThread]: Sending event: {'category': 'dbt', 'action': 'invocation', 'label': 'start', 'context': [<snowplow_tracker.self_describing_json.SelfDescribingJson object at 0x000002C848876510>, <snowplow_tracker.self_describing_json.SelfDescribingJson object at 0x000002C845587390>, <snowplow_tracker.self_describing_json.SelfDescribingJson object at 0x000002C84AC47ED0>]}


============================== 13:36:16.246019 | df8915cd-462e-4389-a66d-d425c96f49be ==============================
[0m13:36:16.246019 [info ] [MainThread]: Running with dbt=1.11.11
[0m13:36:16.246622 [debug] [MainThread]: running dbt with arguments {'static_parser': 'True', 'no_print': 'None', 'version_check': 'True', 'warn_error_options': 'WarnErrorOptionsV2(error=[], warn=[], silence=[])', 'target_path': 'None', 'printer_width': '80', 'write_json': 'True', 'introspect': 'True', 'log_cache_events': 'False', 'empty': 'None', 'cache_selected_only': 'False', 'fail_fast': 'False', 'debug': 'False', 'log_format': 'default', 'profiles_dir': 'C:\\Users\\jestg\\.dbt', 'send_anonymous_usage_stats': 'True', 'quiet': 'False', 'warn_error': 'None', 'partial_parse': 'True', 'invocation_command': 'dbt init flights_db', 'use_colors': 'True', 'indirect_selection': 'eager', 'use_experimental_parser': 'False', 'log_path': 'logs'}
[0m13:36:16.261906 [info ] [MainThread]: Creating dbt configuration folder at C:\Users\jestg\.dbt
[0m13:36:16.264136 [debug] [MainThread]: Starter project path: S:\Studia\6sem\HURT\Laby\Proj\Kod\myenv\Lib\site-packages\dbt\include\starter_project
[0m13:36:16.273842 [info ] [MainThread]: 
Your new dbt project "flights_db" was created!

For more information on how to configure the profiles.yml file,
please consult the dbt documentation here:

  https://docs.getdbt.com/docs/configure-your-profile

One more thing:

Need help? Don't hesitate to reach out to us via GitHub issues or on Slack:

  https://community.getdbt.com/

Happy modeling!

[0m13:36:16.274363 [info ] [MainThread]: Setting up your profile.
[0m13:36:22.802118 [info ] [MainThread]: Profile flights_db written to C:\Users\jestg\.dbt\profiles.yml using target's sample configuration. Once updated, you'll be able to start developing with dbt.
[0m13:36:22.803217 [debug] [MainThread]: Command `dbt init` succeeded at 13:36:22.803055 after 6.81 seconds
[0m13:36:22.803577 [debug] [MainThread]: Sending event: {'category': 'dbt', 'action': 'invocation', 'label': 'end', 'context': [<snowplow_tracker.self_describing_json.SelfDescribingJson object at 0x000002C84AC5F230>, <snowplow_tracker.self_describing_json.SelfDescribingJson object at 0x000002C84AD93410>, <snowplow_tracker.self_describing_json.SelfDescribingJson object at 0x000002C84AEF0490>]}
[0m13:36:22.803986 [debug] [MainThread]: Flushing usage events
[0m13:36:23.413743 [debug] [MainThread]: An error was encountered while trying to flush usage events
[0m13:38:46.403419 [debug] [MainThread]: Sending event: {'category': 'dbt', 'action': 'invocation', 'label': 'start', 'context': [<snowplow_tracker.self_describing_json.SelfDescribingJson object at 0x000002017ED46510>, <snowplow_tracker.self_describing_json.SelfDescribingJson object at 0x000002017BA77390>, <snowplow_tracker.self_describing_json.SelfDescribingJson object at 0x0000020101163ED0>]}


============================== 13:38:46.415612 | 69eba661-4137-4448-a085-c58cb1997eb9 ==============================
[0m13:38:46.415612 [info ] [MainThread]: Running with dbt=1.11.11
[0m13:38:46.416266 [debug] [MainThread]: running dbt with arguments {'static_parser': 'True', 'no_print': 'None', 'version_check': 'True', 'target_path': 'None', 'warn_error_options': 'WarnErrorOptionsV2(error=[], warn=[], silence=[])', 'printer_width': '80', 'write_json': 'True', 'introspect': 'True', 'log_cache_events': 'False', 'empty': 'None', 'cache_selected_only': 'False', 'fail_fast': 'False', 'debug': 'False', 'log_format': 'default', 'profiles_dir': 'C:\\Users\\jestg\\.dbt', 'send_anonymous_usage_stats': 'True', 'quiet': 'False', 'warn_error': 'None', 'partial_parse': 'True', 'invocation_command': 'dbt seed', 'indirect_selection': 'eager', 'use_colors': 'True', 'use_experimental_parser': 'False', 'log_path': 'logs'}
[0m13:38:46.416746 [error] [MainThread]: Encountered an error:
Runtime Error
  No dbt_project.yml found at expected path S:\Studia\6sem\HURT\Laby\Proj\Kod\dbt_project.yml
  Verify that each entry within packages.yml (and their transitive dependencies) contains a file named dbt_project.yml
  
[0m13:38:46.417619 [debug] [MainThread]: Command `dbt seed` failed at 13:38:46.417504 after 0.23 seconds
[0m13:38:46.417930 [debug] [MainThread]: Sending event: {'category': 'dbt', 'action': 'invocation', 'label': 'end', 'context': [<snowplow_tracker.self_describing_json.SelfDescribingJson object at 0x000002010116B360>, <snowplow_tracker.self_describing_json.SelfDescribingJson object at 0x00000201011A20F0>, <snowplow_tracker.self_describing_json.SelfDescribingJson object at 0x000002010117A690>]}
[0m13:38:46.418235 [debug] [MainThread]: Flushing usage events
[0m13:38:46.987369 [debug] [MainThread]: An error was encountered while trying to flush usage events
[0m22:57:04.116785 [debug] [MainThread]: Sending event: {'category': 'dbt', 'action': 'invocation', 'label': 'start', 'context': [<snowplow_tracker.self_describing_json.SelfDescribingJson object at 0x00000210C38C6510>, <snowplow_tracker.self_describing_json.SelfDescribingJson object at 0x00000210C0627390>, <snowplow_tracker.self_describing_json.SelfDescribingJson object at 0x00000210C5C93ED0>]}


============================== 22:57:04.123111 | 7eb7db10-3735-4c66-92c0-55adf94f77ca ==============================
[0m22:57:04.123111 [info ] [MainThread]: Running with dbt=1.11.11
[0m22:57:04.123726 [debug] [MainThread]: running dbt with arguments {'version_check': 'True', 'no_print': 'None', 'static_parser': 'True', 'warn_error_options': 'WarnErrorOptionsV2(error=[], warn=[], silence=[])', 'target_path': 'None', 'printer_width': '80', 'write_json': 'True', 'empty': 'False', 'log_cache_events': 'False', 'introspect': 'True', 'cache_selected_only': 'False', 'fail_fast': 'False', 'debug': 'False', 'log_format': 'default', 'partial_parse': 'True', 'send_anonymous_usage_stats': 'True', 'quiet': 'False', 'warn_error': 'None', 'profiles_dir': 'C:\\Users\\jestg\\.dbt', 'use_colors': 'True', 'invocation_command': 'dbt run', 'indirect_selection': 'eager', 'use_experimental_parser': 'False', 'log_path': 'logs'}
[0m22:57:04.124204 [error] [MainThread]: Encountered an error:
Runtime Error
  No dbt_project.yml found at expected path S:\Studia\6sem\HURT\Laby\Proj\Kod\dbt_project.yml
  Verify that each entry within packages.yml (and their transitive dependencies) contains a file named dbt_project.yml
  
[0m22:57:04.125377 [debug] [MainThread]: Command `dbt run` failed at 22:57:04.125008 after 0.20 seconds
[0m22:57:04.125688 [debug] [MainThread]: Sending event: {'category': 'dbt', 'action': 'invocation', 'label': 'end', 'context': [<snowplow_tracker.self_describing_json.SelfDescribingJson object at 0x00000210C5C9B360>, <snowplow_tracker.self_describing_json.SelfDescribingJson object at 0x00000210C5CD60F0>, <snowplow_tracker.self_describing_json.SelfDescribingJson object at 0x00000210C5CAA690>]}
[0m22:57:04.125992 [debug] [MainThread]: Flushing usage events
[0m22:57:04.795640 [debug] [MainThread]: An error was encountered while trying to flush usage events
[0m03:02:35.865979 [debug] [MainThread]: Sending event: {'category': 'dbt', 'action': 'invocation', 'label': 'start', 'context': [<snowplow_tracker.self_describing_json.SelfDescribingJson object at 0x000001C9C87D6510>, <snowplow_tracker.self_describing_json.SelfDescribingJson object at 0x000001C9C54F7390>, <snowplow_tracker.self_describing_json.SelfDescribingJson object at 0x000001C9CABB3ED0>]}


============================== 03:02:35.872685 | 48db757f-ccf8-420a-bd17-6f514f27249d ==============================
[0m03:02:35.872685 [info ] [MainThread]: Running with dbt=1.11.11
[0m03:02:35.873304 [debug] [MainThread]: running dbt with arguments {'version_check': 'True', 'no_print': 'None', 'static_parser': 'True', 'warn_error_options': 'WarnErrorOptionsV2(error=[], warn=[], silence=[])', 'target_path': 'None', 'printer_width': '80', 'write_json': 'True', 'introspect': 'True', 'log_cache_events': 'False', 'empty': 'None', 'cache_selected_only': 'False', 'fail_fast': 'False', 'debug': 'False', 'log_format': 'default', 'profiles_dir': 'C:\\Users\\jestg\\.dbt', 'send_anonymous_usage_stats': 'True', 'quiet': 'False', 'warn_error': 'None', 'partial_parse': 'True', 'indirect_selection': 'eager', 'use_colors': 'True', 'invocation_command': 'dbt test', 'use_experimental_parser': 'False', 'log_path': 'logs'}
[0m03:02:35.873808 [error] [MainThread]: Encountered an error:
Runtime Error
  No dbt_project.yml found at expected path S:\Studia\6sem\HURT\Laby\Proj\Kod\dbt_project.yml
  Verify that each entry within packages.yml (and their transitive dependencies) contains a file named dbt_project.yml
  
[0m03:02:35.874640 [debug] [MainThread]: Command `dbt test` failed at 03:02:35.874527 after 0.23 seconds
[0m03:02:35.875006 [debug] [MainThread]: Sending event: {'category': 'dbt', 'action': 'invocation', 'label': 'end', 'context': [<snowplow_tracker.self_describing_json.SelfDescribingJson object at 0x000001C9CABBB360>, <snowplow_tracker.self_describing_json.SelfDescribingJson object at 0x000001C9CABF60F0>, <snowplow_tracker.self_describing_json.SelfDescribingJson object at 0x000001C9CABCA690>]}
[0m03:02:35.875405 [debug] [MainThread]: Flushing usage events
[0m03:02:36.506359 [debug] [MainThread]: An error was encountered while trying to flush usage events
